<?xml version="1.0" encoding="UTF-8"?>
<!-- Generated by org.testng.reporters.JUnitReportReporter -->
<testsuite hostname="RadhekrishnaLap" failures="0" tests="2" name="com.qa.tests.GetAPITest" time="1.405" errors="0" timestamp="2022-04-07T18:24:30 IST" skipped="0">
  <testcase classname="com.qa.tests.GetAPITest" name="getAPITest" time="0.882"/>
  <system-out/>
  <testcase classname="com.qa.tests.GetAPITest" name="getAPITestWithHeaders" time="0.523"/>
  <system-out/>
</testsuite> <!-- com.qa.tests.GetAPITest -->
