<?xml version="1.0" encoding="UTF-8"?>
<!-- Generated by org.testng.reporters.JUnitReportReporter -->
<testsuite hostname="RadhekrishnaLap" failures="0" tests="1" name="com.qa.tests.PostAPITest" time="1.494" errors="0" timestamp="2022-04-14T09:35:48 IST" skipped="0">
  <testcase classname="com.qa.tests.PostAPITest" name="postAPITest" time="1.494"/>
  <system-out/>
</testsuite> <!-- com.qa.tests.PostAPITest -->
